<?xml version="1.0" encoding="UTF-8"?>
<testng-results ignored="0" total="1" passed="1" failed="0" skipped="0">
  <reporter-output>
  </reporter-output>
  <suite started-at="2023-03-27T21:37:42 IST" name="Suite" finished-at="2023-03-27T21:37:47 IST" duration-ms="4524">
    <groups>
      <group name="Master">
        <method signature="TC_002_ProductListingPageTestcases.Addtocart(java.lang.String)[pri:0, instance:com.qa.SwagLab.testCases.TC_002_ProductListingPageTestcases@37afeb11]" name="Addtocart" class="com.qa.SwagLab.testCases.TC_002_ProductListingPageTestcases"/>
      </group> <!-- Master -->
      <group name="Sanity">
        <method signature="TC_002_ProductListingPageTestcases.Addtocart(java.lang.String)[pri:0, instance:com.qa.SwagLab.testCases.TC_002_ProductListingPageTestcases@37afeb11]" name="Addtocart" class="com.qa.SwagLab.testCases.TC_002_ProductListingPageTestcases"/>
      </group> <!-- Sanity -->
    </groups>
    <test started-at="2023-03-27T21:37:42 IST" name="zipcode" finished-at="2023-03-27T21:37:47 IST" duration-ms="4524">
      <class name="com.qa.SwagLab.testCases.TC_002_ProductListingPageTestcases">
        <test-method is-config="true" signature="setup()[pri:0, instance:com.qa.SwagLab.testCases.TC_002_ProductListingPageTestcases@37afeb11]" started-at="2023-03-27T21:37:43 IST" name="setup" finished-at="2023-03-27T21:37:46 IST" duration-ms="2911" status="PASS">
          <reporter-output>
          </reporter-output>
        </test-method> <!-- setup -->
        <test-method signature="Addtocart(java.lang.String)[pri:0, instance:com.qa.SwagLab.testCases.TC_002_ProductListingPageTestcases@37afeb11]" started-at="2023-03-27T21:37:46 IST" name="Addtocart" finished-at="2023-03-27T21:37:47 IST" duration-ms="871" status="PASS">
          <params>
            <param index="0">
              <value>
                <![CDATA[91761]]>
              </value>
            </param>
          </params>
          <reporter-output>
          </reporter-output>
        </test-method> <!-- Addtocart -->
        <test-method is-config="true" signature="tearDown()[pri:0, instance:com.qa.SwagLab.testCases.TC_002_ProductListingPageTestcases@37afeb11]" started-at="2023-03-27T21:37:47 IST" name="tearDown" finished-at="2023-03-27T21:37:47 IST" duration-ms="397" status="PASS">
          <reporter-output>
          </reporter-output>
        </test-method> <!-- tearDown -->
      </class> <!-- com.qa.SwagLab.testCases.TC_002_ProductListingPageTestcases -->
    </test> <!-- zipcode -->
  </suite> <!-- Suite -->
</testng-results>
